<?xml version="1.0" encoding="UTF-8"?>
<!-- Generated by org.testng.reporters.JUnitXMLReporter -->
<testsuite hostname="ATPOHC3111" name="Command line test" tests="11" failures="0" timestamp="24 Jul 2019 14:11:41 GMT" time="0.185" errors="0">
  <testcase name="getCollections_returns_products_and_versions" time="0.025" classname="at.porscheinformatik.cucumber.mongodb.rest.controller.CollectionControllerTest"/>
  <testcase name="getCollections_returns_products_and_versions" time="0.002" classname="at.porscheinformatik.cucumber.mongodb.rest.controller.CollectionControllerTest"/>
  <testcase name="getCollections_returns_products_and_versions" time="0.0" classname="at.porscheinformatik.cucumber.mongodb.rest.controller.CollectionControllerTest"/>
  <testcase name="getCollections_returns_products_and_versions" time="0.0" classname="at.porscheinformatik.cucumber.mongodb.rest.controller.CollectionControllerTest"/>
  <testcase name="getCollections_returns_products_and_versions" time="0.0" classname="at.porscheinformatik.cucumber.mongodb.rest.controller.CollectionControllerTest"/>
  <testcase name="getProducts" time="0.006" classname="at.porscheinformatik.cucumber.mongodb.rest.controller.CollectionControllerTest"/>
  <testcase name="getProducts" time="0.001" classname="at.porscheinformatik.cucumber.mongodb.rest.controller.CollectionControllerTest"/>
  <testcase name="getProducts" time="0.0" classname="at.porscheinformatik.cucumber.mongodb.rest.controller.CollectionControllerTest"/>
  <testcase name="last_ten_with_list_nine" time="0.0" classname="at.porscheinformatik.cucumber.mongodb.rest.controller.QueryControllerTest"/>
  <testcase name="last_ten_with_list_nine" time="0.001" classname="at.porscheinformatik.cucumber.mongodb.rest.controller.QueryControllerTest"/>
  <testcase name="last_ten_with_list_nine" time="0.0" classname="at.porscheinformatik.cucumber.mongodb.rest.controller.QueryControllerTest"/>
</testsuite> <!-- Command line test -->
